What is Pied Piper?
Pied Piper is a technology company specializing in data compression solutions and artificial intelligence. It was founded by Richard Hendricks, a programmer who created a revolutionary algorithm that reduces the amount of data required to transmit and store files without losing quality. This algorithm is the core of the company’s success.

What is the main product of Pied Piper?
Pied Piper’s main product is its data compression algorithm, which allows for the compression of files more efficiently than existing technologies. Initially, the focus was on audio and video files, but the potential of the algorithm extends far beyond that, capable of compressing almost any type of data.

Who are the founders of Pied Piper?
Pied Piper was founded by Richard Hendricks, a talented and introverted programmer, Gilfoyle and Dinesh, engineers responsible for implementing and improving the algorithm.

How is Pied Piper funded?
Pied Piper has gone through several rounds of investment, experiencing both success and failure along the way. Richard and his team were able to raise capital from investors such as Laurie Bream and Russ Hanneman. The company has also had dealings with major tech companies like Hooli, a tech giant, which has both created opportunities and conflicts.

Who are the biggest competitors of Pied Piper?
Pied Piper’s biggest competitor is Hooli, a giant tech company that constantly tries to copy or outdo the data compression technology developed by Pied Piper. Other competitors include companies working in data technologies, such as Endframe and Ava, as well as emerging startups in AI and compression fields.

Does Pied Piper have any products beyond data compression?
Yes. While data compression remains the company’s core, Pied Piper has also started to expand into other areas, such as cloud services and artificial intelligence, leveraging its algorithm as the basis for new innovative solutions.

What is the culture like at Pied Piper?
The culture at Pied Piper reflects its founder Richard Hendricks. The company values innovation and creativity, aiming to create disruptive solutions to complex problems. However, the culture is also marked by internal challenges, power struggles, and the constant pressure to meet market and investor expectations.

What are the biggest challenges Pied Piper faces?
Pied Piper faces a number of challenges, including the pressure to scale quickly, deal with fierce competition from companies like Hooli, and the constant need to innovate. The company has also faced governance issues, with Richard frequently put in tough situations due to his choices and those of the investors.

Does Pied Piper have any specific mission or vision?
Yes! Pied Piper’s mission is to create technological solutions that transform the world of information, making data communication and storage more efficient, accessible, and sustainable. The company’s vision is to become a global leader in data technology and artificial intelligence, challenging large corporations and bringing real innovation to the sector.

How can I work at Pied Piper?
To work at Pied Piper, you’ll need to be a highly skilled professional with experience in programming, artificial intelligence, and data compression. The company looks for creative individuals who are passionate about solving complex problems, with a team-oriented mindset and the ability to adapt to a fast-paced and often unpredictable environment. If you believe you can bring something new to the table, submit your resume and show your passion for technology!

Where is Pied Piper located?
Pied Piper’s headquarters are in Silicon Valley, the tech hub of the world. The company also has offices in several cities around the globe, but the heart of the operation remains in its original base.

What are Pied Piper’s future plans?
Pied Piper is expanding its product and service offerings, with plans to create new compression technologies and explore new markets such as blockchain and quantum computing. The company also aims to solidify its position in the data sector, continue its fight against Hooli and other large companies, and ultimately change the way data technology works around the world.